2026-01-06 16:00:30,349 INFO: Logging started. Output file: rnn_training/20260106_160030/console.log
2026-01-06 16:00:30,349 INFO: Seed: 42
2026-01-06 16:00:30,350 INFO: Number of epochs 30
2026-01-06 16:00:30,545 INFO: Target neurons: [31]
2026-01-06 16:00:30,546 INFO: Target indices in filtered data: [30]
2026-01-06 16:00:30,546 INFO: configs shape: (3, 110, 31)
2026-01-06 16:00:30,547 INFO: roi_used shape: (512, 512)
2026-01-06 16:00:30,547 INFO: times shape: (3, 8, 31)
2026-01-06 16:00:30,548 INFO: dfof shape: (3, 15600, 110)
2026-01-06 16:00:32,849 INFO: Creating trials DataFrame with STIM_OFFSET=0 (stim at frame 0 of each snippet)
2026-01-06 16:00:32,853 INFO: Total trials before filtering: 744
2026-01-06 16:00:32,853 INFO: Final trials_df size: 744
2026-01-06 16:00:32,854 INFO: DataFrame shape: (744, 9)
2026-01-06 16:00:32,857 INFO: Trials per session: {0: 248, 1: 248, 2: 248}
2026-01-06 16:00:32,858 INFO: Unique values:
2026-01-06 16:00:32,858 INFO:   Sessions: 0, 1, 2
2026-01-06 16:00:32,859 INFO:   Configs: 1, 2, 3, 4, 5, 6, 7, 8, 9, 10, 11, 12, 13, 14, 15, 16, 17, 18, 19, 20, 21, 22, 23, 24, 25, 26, 27, 28, 29, 30, 31
2026-01-06 16:00:32,859 INFO:   Electrodes: -1, 0, 1, 2, 3, 4, 5, 6, 7, 8, 9
2026-01-06 16:00:32,860 INFO:   Currents: 0, 3, 4, 5
2026-01-06 16:00:32,860 INFO: --- Filter Status ---
2026-01-06 16:00:32,860 INFO:   FILTER_CONFIGS: All
2026-01-06 16:00:32,861 INFO:   FILTER_NEURONS: All
2026-01-06 16:00:32,861 INFO:   FILTER_ELECTRODES: All
2026-01-06 16:00:32,862 INFO:   FILTER_CURRENTS: All
2026-01-06 16:00:32,865 INFO: trials_df head:
   session  trial  config  electrode  current  trial_start_time  stim_time  \
0        0      0       1          0        3              2811       2811   
1        0      1       1          0        3              3807       3807   
2        0      2       1          0        3              4181       4181   
3        0      3       1          0        3              6609       6609   
4        0      4       1          0        3              8787       8787   
5        0      5       1          0        3             11589      11589   
6        0      6       1          0        3             12647      12647   
7        0      7       1          0        3             12772      12772   
8        0      0       2          0        4              1130       1130   
9        0      1       2          0        4              6173       6173   

   start_time  is_stim  
0        2811     True  
1        3807     True  
2        4181     True  
3        6609     True  
4        8787     True  
5       11589     True  
6       12647     True  
7       12772     True  
8        1130     True  
9        6173     True  
2026-01-06 16:00:32,865 INFO: --- Example queries ---
2026-01-06 16:00:32,866 INFO: Electrode 9, Current 5: 24 trials
2026-01-06 16:00:32,867 INFO: Session 0, Config 7: 8 trials
2026-01-06 16:00:36,463 INFO: Initial conds shape: (915, 110)
2026-01-06 16:00:36,464 INFO: Activity snippets shape: (915, 50, 110)
2026-01-06 16:00:36,464 INFO: Stim snippets shape: (915, 50, 10)
2026-01-06 16:00:36,464 INFO: Snippet overlap: False
2026-01-06 16:00:39,783 INFO: Snippets DataFrame shape: (744, 18)
2026-01-06 16:00:39,783 INFO: Valid snippets: 744
2026-01-06 16:00:39,784 INFO: Snippets with stim at t=0: 744
2026-01-06 16:00:39,788 INFO: Holdout stim times per session: {np.int64(0): 31, np.int64(1): 31, np.int64(2): 31}
2026-01-06 16:00:39,803 INFO: Trial holdout [7]: train=522, val=93, test=129
2026-01-06 16:00:39,803 INFO: === Split Summary (trial) ===
2026-01-06 16:00:39,804 INFO: Train: 522 samples (70.2%)
2026-01-06 16:00:39,804 INFO:   Sessions: [np.int64(0), np.int64(1), np.int64(2)]
2026-01-06 16:00:39,805 INFO: Val: 93 samples (12.5%)
2026-01-06 16:00:39,805 INFO: Test: 129 samples (17.3%)
2026-01-06 16:00:39,806 INFO:   Sessions: [np.int64(0), np.int64(1), np.int64(2)]
