2026-01-06 13:43:54,853 INFO: Logging started. Output file: rnn_training/20260106_134354/console.log
2026-01-06 13:43:54,854 INFO: Seed: 42
2026-01-06 13:43:54,854 INFO: Number of epochs 30
2026-01-06 13:43:55,110 INFO: Target neurons: [31]
2026-01-06 13:43:55,111 INFO: Target indices in filtered data: [30]
2026-01-06 13:43:55,111 INFO: configs shape: (3, 110, 31)
2026-01-06 13:43:55,112 INFO: roi_used shape: (512, 512)
2026-01-06 13:43:55,113 INFO: times shape: (3, 8, 31)
2026-01-06 13:43:55,113 INFO: dfof shape: (3, 15600, 110)
2026-01-06 13:43:55,151 INFO: Creating trials DataFrame with STIM_OFFSET=10
2026-01-06 13:43:55,153 INFO: Total trials before filtering: 744
2026-01-06 13:43:55,153 INFO: Final trials_df size: 744
2026-01-06 13:43:55,154 INFO: DataFrame shape: (744, 8)
2026-01-06 13:43:55,156 INFO: Trials per session: {0: 248, 1: 248, 2: 248}
2026-01-06 13:43:55,156 INFO: Unique values:
2026-01-06 13:43:55,156 INFO:   Sessions: 0, 1, 2
2026-01-06 13:43:55,157 INFO:   Configs: 1, 2, 3, 4, 5, 6, 7, 8, 9, 10, 11, 12, 13, 14, 15, 16, 17, 18, 19, 20, 21, 22, 23, 24, 25, 26, 27, 28, 29, 30, 31
2026-01-06 13:43:55,157 INFO:   Electrodes: -1, 0, 1, 2, 3, 4, 5, 6, 7, 8, 9
2026-01-06 13:43:55,158 INFO:   Currents: 0, 3, 4, 5
2026-01-06 13:43:55,158 INFO: --- Filter Status ---
2026-01-06 13:43:55,159 INFO:   FILTER_CONFIGS: All
2026-01-06 13:43:55,159 INFO:   FILTER_NEURONS: All
2026-01-06 13:43:55,159 INFO:   FILTER_ELECTRODES: All
2026-01-06 13:43:55,160 INFO:   FILTER_CURRENTS: All
2026-01-06 13:43:55,162 INFO: trials_df head:
   session  trial  config  electrode  current  stim_time  start_time  is_stim
0        0      0       1          0        3       2821        2821     True
1        0      1       1          0        3       3817        3817     True
2        0      2       1          0        3       4191        4191     True
3        0      3       1          0        3       6619        6619     True
4        0      4       1          0        3       8797        8797     True
5        0      5       1          0        3      11599       11599     True
6        0      6       1          0        3      12657       12657     True
7        0      7       1          0        3      12782       12782     True
8        0      0       2          0        4       1140        1140     True
9        0      1       2          0        4       6183        6183     True
2026-01-06 13:43:55,162 INFO: --- Example queries ---
2026-01-06 13:43:55,163 INFO: Electrode 9, Current 5: 24 trials
2026-01-06 13:43:55,164 INFO: Session 0, Config 7: 8 trials
2026-01-06 13:43:55,209 INFO: Initial conds shape: (915, 110)
2026-01-06 13:43:55,209 INFO: Activity snippets shape: (915, 50, 110)
2026-01-06 13:43:55,210 INFO: Stim snippets shape: (915, 50, 10)
2026-01-06 13:43:55,210 INFO: Snippet overlap: False
2026-01-06 13:43:55,320 INFO: Snippets DataFrame shape: (744, 18)
2026-01-06 13:43:55,321 INFO: Valid snippets: 744
2026-01-06 13:43:55,321 INFO: Snippets with stim at t=0: 744
2026-01-06 13:43:55,323 INFO: Holdout stim times per session: {np.int64(0): 62, np.int64(1): 62, np.int64(2): 62}
2026-01-06 13:43:55,338 INFO: Trial holdout [1, 7]: train=387, val=69, test=288
2026-01-06 13:43:55,339 INFO: === Split Summary (trial) ===
2026-01-06 13:43:55,340 INFO: Train: 387 samples (52.0%)
2026-01-06 13:43:55,340 INFO:   Sessions: [np.int64(0), np.int64(1), np.int64(2)]
2026-01-06 13:43:55,340 INFO: Val: 69 samples (9.3%)
2026-01-06 13:43:55,341 INFO: Test: 288 samples (38.7%)
2026-01-06 13:43:55,342 INFO:   Sessions: [np.int64(0), np.int64(1), np.int64(2)]
2026-01-06 13:43:55,376 INFO: Batch size: 1
2026-01-06 13:43:55,377 INFO: Split strategy: trial
2026-01-06 13:43:55,392 INFO: Dataset sizes -> train: 387, val: 69, test: 288
2026-01-06 13:43:55,392 INFO: Target neurons: [31] (indices: [30])
2026-01-06 13:43:55,396 INFO: Model architecture:
RNNModel(
  (initial_state_projection): Linear(in_features=110, out_features=32, bias=True)
  (rnn): GRU(10, 32, batch_first=True)
  (dense): Sequential(
    (0): Linear(in_features=32, out_features=1, bias=True)
  )
)
2026-01-06 13:43:55,396 INFO: Train input size: 10
2026-01-06 13:43:55,397 INFO: Initial condition size: 110 (FILTER_NEURONS)
2026-01-06 13:43:55,397 INFO: Train output size: 1 (TARGET_NEURONS)
2026-01-06 13:43:55,398 INFO: Hidden state size: 32
2026-01-06 13:43:55,398 INFO: Number of GRU layers: 1
2026-01-06 13:43:55,963 INFO: Learning rate 0.001
2026-01-06 13:43:55,963 INFO: Optimizer: Adam (
Parameter Group 0
    amsgrad: False
    betas: (0.9, 0.999)
    capturable: False
    decoupled_weight_decay: False
    differentiable: False
    eps: 1e-08
    foreach: None
    fused: None
    lr: 0.001
    maximize: False
    weight_decay: 0
)
2026-01-06 13:43:55,963 INFO: Loss type: mse
2026-01-06 13:43:55,963 INFO: Regularization coefficient: 0
2026-01-06 13:44:07,031 INFO: Epoch 1 Train loss: 0.0188356303979609
2026-01-06 13:44:07,646 INFO: Epoch 1 Validation loss: 0.016699664257601766
2026-01-06 13:44:07,652 INFO:   Saved best model with val loss 0.016700 to rnn_training/20260106_134354/best_model.pth
2026-01-06 13:44:18,238 INFO: Epoch 2 Train loss: 0.018752362520899624
2026-01-06 13:44:18,711 INFO: Epoch 2 Validation loss: 0.021167311856212716
